Using pre-set license
Built from '2020.3/staging' branch; Version is '2020.3.11f1 (99c7afb366b3) revision 10078127'; Using compiler version '192528614'; Build Type 'Release'
OS: 'Windows 10 Home; OS build 19041.1052; Version 2004; 64bit' Language: 'es' Physical Memory: 16309 MB
BatchMode: 1, IsHumanControllingUs: 0, StartBugReporterOnCrash: 0, Is64bit: 1, IsPro: 0

 COMMAND LINE ARGUMENTS:
C:\Program Files\Unity\Hub\Editor\2020.3.11f1\Editor\Unity.exe
-adb2
-batchMode
-noUpm
-name
AssetImportWorker0
-projectPath
C:/Users/Intellisys/Desktop/proyecto/Roll a ball
-logFile
Logs/AssetImportWorker0.log
-srvPort
56332
Successfully changed project path to: C:/Users/Intellisys/Desktop/proyecto/Roll a ball
C:/Users/Intellisys/Desktop/proyecto/Roll a ball
Using Asset Import Pipeline V2.
Refreshing native plugins compatible for Editor in 30.43 ms, found 2 plugins.
Preloading 0 native plugins for Editor in 0.00 ms.
Initialize engine version: 2020.3.11f1 (99c7afb366b3)
[Subsystems] Discovering subsystems at path C:/Program Files/Unity/Hub/Editor/2020.3.11f1/Editor/Data/Resources/UnitySubsystems
[Subsystems] Discovering subsystems at path C:/Users/Intellisys/Desktop/proyecto/Roll a ball/Assets
GfxDevice: creating device client; threaded=0
Direct3D:
    Version:  Direct3D 11.0 [level 10.1]
    Renderer: ATI Radeon HD 4300/4500 Series (ID=0x954f)
    Vendor:   
    VRAM:     493 MB
    Driver:   8.970.100.9001
Initialize mono
Mono path[0] = 'C:/Program Files/Unity/Hub/Editor/2020.3.11f1/Editor/Data/Managed'
Mono path[1] = 'C:/Program Files/Unity/Hub/Editor/2020.3.11f1/Editor/Data/MonoBleedingEdge/lib/mono/unityjit'
Mono config path = 'C:/Program Files/Unity/Hub/Editor/2020.3.11f1/Editor/Data/MonoBleedingEdge/etc'
Using monoOptions --debugger-agent=transport=dt_socket,embedding=1,server=y,suspend=n,address=127.0.0.1:56268
Begin MonoManager ReloadAssembly
Registering precompiled unity dll's ...
Register platform support module: C:/Program Files/Unity/Hub/Editor/2020.3.11f1/Editor/Data/PlaybackEngines/WindowsStandaloneSupport/UnityEditor.WindowsStandalone.Extensions.dll
Registered in 0.002333 seconds.
Native extension for WindowsStandalone target not found
Refreshing native plugins compatible for Editor in 25.13 ms, found 2 plugins.
Preloading 0 native plugins for Editor in 0.00 ms.
Mono: successfully reloaded assembly
- Completed reload, in  1.075 seconds
Platform modules already initialized, skipping
Registering precompiled user dll's ...
Registered in 0.006010 seconds.
Begin MonoManager ReloadAssembly
Native extension for WindowsStandalone target not found
Refreshing native plugins compatible for Editor in 0.28 ms, found 2 plugins.
Preloading 0 native plugins for Editor in 0.00 ms.
Mono: successfully reloaded assembly
- Completed reload, in  1.011 seconds
Platform modules already initialized, skipping
========================================================================
Worker process is ready to serve import requests
Launched and connected shader compiler UnityShaderCompiler.exe after 0.05 seconds
Refreshing native plugins compatible for Editor in 0.50 ms, found 2 plugins.
Preloading 0 native plugins for Editor in 0.00 ms.
Unloading 1386 Unused Serialized files (Serialized files now loaded: 0)
System memory in use before: 64.6 MB.
System memory in use after: 64.7 MB.

Unloading 19 unused Assets to reduce memory usage. Loaded Objects now: 1819.
Total: 2.677100 ms (FindLiveObjects: 0.274500 ms CreateObjectMapping: 0.062300 ms MarkObjects: 2.247700 ms  DeleteObjects: 0.090900 ms)

========================================================================
Received Import Request.
  path: Assets/Scenes 1
  artifactKey: Guid(5b05eec5fce18e5489d3b3c71603652c) Importer(815301076,1909f56bfc062723c751e8b465ee728b)
Start importing Assets/Scenes 1 using Guid(5b05eec5fce18e5489d3b3c71603652c) Importer(815301076,1909f56bfc062723c751e8b465ee728b)  -> (artifact id: '46736ea90e73134d65de84e0ddcd96ac') in 0.018424 seconds
  Import took 0.021826 seconds .

========================================================================
Received Import Request.
  Time since last request: 16.685596 seconds.
  path: Assets/Scenes
  artifactKey: Guid(667c451da08d7664d8c705d21bfb8077) Importer(815301076,1909f56bfc062723c751e8b465ee728b)
Start importing Assets/Scenes using Guid(667c451da08d7664d8c705d21bfb8077) Importer(815301076,1909f56bfc062723c751e8b465ee728b)  -> (artifact id: '6fb77376bbcf6b34c07bbe906f6f22f5') in 0.006466 seconds
  Import took 0.009081 seconds .

========================================================================
Received Import Request.
  Time since last request: 0.001648 seconds.
  path: Assets/Scenes
  artifactKey: Guid(667c451da08d7664d8c705d21bfb8077) Importer(815301076,1909f56bfc062723c751e8b465ee728b)
Start importing Assets/Scenes using Guid(667c451da08d7664d8c705d21bfb8077) Importer(815301076,1909f56bfc062723c751e8b465ee728b)  -> (artifact id: '6fb77376bbcf6b34c07bbe906f6f22f5') in 0.002648 seconds
  Import took 0.004987 seconds .

========================================================================
Received Import Request.
  Time since last request: 1.277145 seconds.
  path: Assets/Scenes/SampleScene.unity
  artifactKey: Guid(9fc0d4010bbf28b4594072e72b8655ab) Importer(815301076,1909f56bfc062723c751e8b465ee728b)
Start importing Assets/Scenes/SampleScene.unity using Guid(9fc0d4010bbf28b4594072e72b8655ab) Importer(815301076,1909f56bfc062723c751e8b465ee728b)  -> (artifact id: '85059f4f9e1a832ed95adaa0d25c5c4c') in 0.012956 seconds
  Import took 0.015151 seconds .

========================================================================
Received Import Request.
  Time since last request: 883.278117 seconds.
  path: Assets/Material
  artifactKey: Guid(87c14bff6a22c1b4c8d78f76c872f108) Importer(815301076,1909f56bfc062723c751e8b465ee728b)
Start importing Assets/Material using Guid(87c14bff6a22c1b4c8d78f76c872f108) Importer(815301076,1909f56bfc062723c751e8b465ee728b)  -> (artifact id: 'd3225ed131d108be09cfe1a60f4abefc') in 0.008921 seconds
  Import took 0.012732 seconds .

========================================================================
Received Import Request.
  Time since last request: 84.674648 seconds.
  path: Assets/Material/Fondo.mat
  artifactKey: Guid(a34b5c2c6f412e14c8ecdc37f6c173ad) Importer(815301076,1909f56bfc062723c751e8b465ee728b)
Start importing Assets/Material/Fondo.mat using Guid(a34b5c2c6f412e14c8ecdc37f6c173ad) Importer(815301076,1909f56bfc062723c751e8b465ee728b)  -> (artifact id: 'b157ce5cd968eb160655c5c9420abb00') in 0.155203 seconds
  Import took 0.157914 seconds .

========================================================================
Received Import Request.
  Time since last request: 760.045478 seconds.
  path: Assets/Scripts
  artifactKey: Guid(ca48365da9d7e97418e09ceb9dc202e4) Importer(815301076,1909f56bfc062723c751e8b465ee728b)
Start importing Assets/Scripts using Guid(ca48365da9d7e97418e09ceb9dc202e4) Importer(815301076,1909f56bfc062723c751e8b465ee728b)  -> (artifact id: 'd92a0c76257178be72bdb9b88d685106') in 0.008803 seconds
  Import took 0.012937 seconds .

========================================================================
Received Import Request.
  Time since last request: 49.858719 seconds.
  path: Assets/Scripts/JugadorController.cs
  artifactKey: Guid(be049bbf5d33f594a831b82d20c4e917) Importer(815301076,1909f56bfc062723c751e8b465ee728b)
Start importing Assets/Scripts/JugadorController.cs using Guid(be049bbf5d33f594a831b82d20c4e917) Importer(815301076,1909f56bfc062723c751e8b465ee728b)  -> (artifact id: '063b9c9853a417fb6fc7c47c4867ee73') in 0.018527 seconds
  Import took 0.021101 seconds .

========================================================================
Received Import Request.
  Time since last request: 0.000347 seconds.
  path: Assets/Scripts/JugadorController.cs
  artifactKey: Guid(be049bbf5d33f594a831b82d20c4e917) Importer(815301076,1909f56bfc062723c751e8b465ee728b)
Start importing Assets/Scripts/JugadorController.cs using Guid(be049bbf5d33f594a831b82d20c4e917) Importer(815301076,1909f56bfc062723c751e8b465ee728b)  -> (artifact id: '063b9c9853a417fb6fc7c47c4867ee73') in 0.003465 seconds
  Import took 0.006484 seconds .

========================================================================
Received Prepare
Registering precompiled user dll's ...
Registered in 0.005995 seconds.
Begin MonoManager ReloadAssembly
Native extension for WindowsStandalone target not found
Refreshing native plugins compatible for Editor in 0.34 ms, found 2 plugins.
Preloading 0 native plugins for Editor in 0.00 ms.
Mono: successfully reloaded assembly
- Completed reload, in  0.995 seconds
Platform modules already initialized, skipping
Refreshing native plugins compatible for Editor in 0.27 ms, found 2 plugins.
Preloading 0 native plugins for Editor in 0.00 ms.
Unloading 1382 Unused Serialized files (Serialized files now loaded: 0)
System memory in use before: 67.9 MB.
System memory in use after: 68.0 MB.

Unloading 14 unused Assets to reduce memory usage. Loaded Objects now: 1863.
Total: 2.979400 ms (FindLiveObjects: 0.216900 ms CreateObjectMapping: 0.046700 ms MarkObjects: 2.591300 ms  DeleteObjects: 0.123300 ms)

========================================================================
Received Prepare
Registering precompiled user dll's ...
Registered in 0.008651 seconds.
Begin MonoManager ReloadAssembly
Native extension for WindowsStandalone target not found
Refreshing native plugins compatible for Editor in 0.33 ms, found 2 plugins.
Preloading 0 native plugins for Editor in 0.00 ms.
Mono: successfully reloaded assembly
- Completed reload, in  0.981 seconds
Platform modules already initialized, skipping
Refreshing native plugins compatible for Editor in 0.29 ms, found 2 plugins.
Preloading 0 native plugins for Editor in 0.00 ms.
Unloading 1382 Unused Serialized files (Serialized files now loaded: 0)
System memory in use before: 68.0 MB.
System memory in use after: 68.0 MB.

Unloading 14 unused Assets to reduce memory usage. Loaded Objects now: 1866.
Total: 2.811800 ms (FindLiveObjects: 0.142200 ms CreateObjectMapping: 0.042900 ms MarkObjects: 2.543500 ms  DeleteObjects: 0.082000 ms)

========================================================================
Received Import Request.
  Time since last request: 850.665096 seconds.
  path: Assets/Scripts/JugadorController.cs
  artifactKey: Guid(be049bbf5d33f594a831b82d20c4e917) Importer(815301076,1909f56bfc062723c751e8b465ee728b)
Start importing Assets/Scripts/JugadorController.cs using Guid(be049bbf5d33f594a831b82d20c4e917) Importer(815301076,1909f56bfc062723c751e8b465ee728b)  -> (artifact id: '4dbcb89fb35a98c9399d03cb3cbe090a') in 0.009382 seconds
  Import took 0.012540 seconds .

========================================================================
Received Import Request.
  Time since last request: 0.498165 seconds.
  path: Assets/Scripts/JugadorController.cs
  artifactKey: Guid(be049bbf5d33f594a831b82d20c4e917) Importer(815301076,1909f56bfc062723c751e8b465ee728b)
Start importing Assets/Scripts/JugadorController.cs using Guid(be049bbf5d33f594a831b82d20c4e917) Importer(815301076,1909f56bfc062723c751e8b465ee728b)  -> (artifact id: '4dbcb89fb35a98c9399d03cb3cbe090a') in 0.003822 seconds
  Import took 0.006352 seconds .

========================================================================
Received Prepare
Registering precompiled user dll's ...
Registered in 0.006156 seconds.
Begin MonoManager ReloadAssembly
Native extension for WindowsStandalone target not found
Refreshing native plugins compatible for Editor in 0.42 ms, found 2 plugins.
Preloading 0 native plugins for Editor in 0.00 ms.
Mono: successfully reloaded assembly
- Completed reload, in  1.043 seconds
Platform modules already initialized, skipping
Refreshing native plugins compatible for Editor in 0.28 ms, found 2 plugins.
Preloading 0 native plugins for Editor in 0.00 ms.
Unloading 1382 Unused Serialized files (Serialized files now loaded: 0)
System memory in use before: 68.0 MB.
System memory in use after: 68.1 MB.

Unloading 14 unused Assets to reduce memory usage. Loaded Objects now: 1869.
Total: 2.627200 ms (FindLiveObjects: 0.177500 ms CreateObjectMapping: 0.100000 ms MarkObjects: 2.277600 ms  DeleteObjects: 0.070800 ms)

========================================================================
Received Prepare
Registering precompiled user dll's ...
Registered in 0.006508 seconds.
Begin MonoManager ReloadAssembly
Native extension for WindowsStandalone target not found
Refreshing native plugins compatible for Editor in 0.32 ms, found 2 plugins.
Preloading 0 native plugins for Editor in 0.00 ms.
Mono: successfully reloaded assembly
- Completed reload, in  0.982 seconds
Platform modules already initialized, skipping
Refreshing native plugins compatible for Editor in 0.31 ms, found 2 plugins.
Preloading 0 native plugins for Editor in 0.00 ms.
Unloading 1382 Unused Serialized files (Serialized files now loaded: 0)
System memory in use before: 68.0 MB.
System memory in use after: 68.1 MB.

Unloading 14 unused Assets to reduce memory usage. Loaded Objects now: 1872.
Total: 2.385200 ms (FindLiveObjects: 0.158100 ms CreateObjectMapping: 0.038400 ms MarkObjects: 2.107100 ms  DeleteObjects: 0.080300 ms)

========================================================================
Received Prepare
Registering precompiled user dll's ...
Registered in 0.006174 seconds.
Begin MonoManager ReloadAssembly
Native extension for WindowsStandalone target not found
Refreshing native plugins compatible for Editor in 0.32 ms, found 2 plugins.
Preloading 0 native plugins for Editor in 0.00 ms.
Mono: successfully reloaded assembly
- Completed reload, in  0.974 seconds
Platform modules already initialized, skipping
Refreshing native plugins compatible for Editor in 0.39 ms, found 2 plugins.
Preloading 0 native plugins for Editor in 0.00 ms.
Unloading 1382 Unused Serialized files (Serialized files now loaded: 0)
System memory in use before: 68.0 MB.
System memory in use after: 68.1 MB.

Unloading 14 unused Assets to reduce memory usage. Loaded Objects now: 1875.
Total: 2.185200 ms (FindLiveObjects: 0.192400 ms CreateObjectMapping: 0.087300 ms MarkObjects: 1.827700 ms  DeleteObjects: 0.076500 ms)

========================================================================
Received Prepare
Registering precompiled user dll's ...
Registered in 0.006699 seconds.
Begin MonoManager ReloadAssembly
Native extension for WindowsStandalone target not found
Refreshing native plugins compatible for Editor in 0.29 ms, found 2 plugins.
Preloading 0 native plugins for Editor in 0.00 ms.
Mono: successfully reloaded assembly
- Completed reload, in  1.008 seconds
Platform modules already initialized, skipping
Refreshing native plugins compatible for Editor in 0.57 ms, found 2 plugins.
Preloading 0 native plugins for Editor in 0.00 ms.
Unloading 1382 Unused Serialized files (Serialized files now loaded: 0)
System memory in use before: 68.0 MB.
System memory in use after: 68.1 MB.

Unloading 14 unused Assets to reduce memory usage. Loaded Objects now: 1878.
Total: 2.456100 ms (FindLiveObjects: 0.160100 ms CreateObjectMapping: 0.044900 ms MarkObjects: 2.136800 ms  DeleteObjects: 0.113300 ms)

========================================================================
Received Import Request.
  Time since last request: 3035.846927 seconds.
  path: Assets/Scripts/JugadorController.cs
  artifactKey: Guid(be049bbf5d33f594a831b82d20c4e917) Importer(815301076,1909f56bfc062723c751e8b465ee728b)
Start importing Assets/Scripts/JugadorController.cs using Guid(be049bbf5d33f594a831b82d20c4e917) Importer(815301076,1909f56bfc062723c751e8b465ee728b)  -> (artifact id: '71188531250483256188c771c8bd1fc3') in 0.009119 seconds
  Import took 0.011938 seconds .

========================================================================
Received Import Request.
  Time since last request: 107.199120 seconds.
  path: Assets/Scripts/JugadorController.cs
  artifactKey: Guid(be049bbf5d33f594a831b82d20c4e917) Importer(815301076,1909f56bfc062723c751e8b465ee728b)
Start importing Assets/Scripts/JugadorController.cs using Guid(be049bbf5d33f594a831b82d20c4e917) Importer(815301076,1909f56bfc062723c751e8b465ee728b)  -> (artifact id: '83400ac3660159c88b4c2b105940ef33') in 0.004738 seconds
  Import took 0.008773 seconds .

========================================================================
Received Prepare
Registering precompiled user dll's ...
Registered in 0.007023 seconds.
Begin MonoManager ReloadAssembly
Native extension for WindowsStandalone target not found
Refreshing native plugins compatible for Editor in 0.28 ms, found 2 plugins.
Preloading 0 native plugins for Editor in 0.00 ms.
Mono: successfully reloaded assembly
- Completed reload, in  0.944 seconds
Platform modules already initialized, skipping
Refreshing native plugins compatible for Editor in 0.32 ms, found 2 plugins.
Preloading 0 native plugins for Editor in 0.00 ms.
Unloading 1382 Unused Serialized files (Serialized files now loaded: 0)
System memory in use before: 68.0 MB.
System memory in use after: 68.1 MB.

Unloading 14 unused Assets to reduce memory usage. Loaded Objects now: 1881.
Total: 2.256100 ms (FindLiveObjects: 0.201700 ms CreateObjectMapping: 0.050800 ms MarkObjects: 1.903800 ms  DeleteObjects: 0.098800 ms)

========================================================================
Received Import Request.
  Time since last request: 56.215339 seconds.
  path: Assets/Scripts/JugadorController.cs
  artifactKey: Guid(be049bbf5d33f594a831b82d20c4e917) Importer(815301076,1909f56bfc062723c751e8b465ee728b)
Start importing Assets/Scripts/JugadorController.cs using Guid(be049bbf5d33f594a831b82d20c4e917) Importer(815301076,1909f56bfc062723c751e8b465ee728b)  -> (artifact id: '2024b64d0643a4a8cdc91d02538f5f05') in 0.007257 seconds
  Import took 0.010053 seconds .

========================================================================
Received Import Request.
  Time since last request: 172.063463 seconds.
  path: Assets/Material/Fondo.mat
  artifactKey: Guid(a34b5c2c6f412e14c8ecdc37f6c173ad) Importer(815301076,1909f56bfc062723c751e8b465ee728b)
Start importing Assets/Material/Fondo.mat using Guid(a34b5c2c6f412e14c8ecdc37f6c173ad) Importer(815301076,1909f56bfc062723c751e8b465ee728b)  -> (artifact id: 'ed45f113c2c787b4b837223675e473ae') in 0.076395 seconds
  Import took 0.079500 seconds .

========================================================================
Received Prepare
Registering precompiled user dll's ...
Registered in 0.006476 seconds.
Begin MonoManager ReloadAssembly
Native extension for WindowsStandalone target not found
Refreshing native plugins compatible for Editor in 0.30 ms, found 2 plugins.
Preloading 0 native plugins for Editor in 0.00 ms.
Mono: successfully reloaded assembly
- Completed reload, in  0.947 seconds
Platform modules already initialized, skipping
Refreshing native plugins compatible for Editor in 0.59 ms, found 2 plugins.
Preloading 0 native plugins for Editor in 0.00 ms.
Unloading 1382 Unused Serialized files (Serialized files now loaded: 0)
System memory in use before: 68.0 MB.
System memory in use after: 68.1 MB.

Unloading 14 unused Assets to reduce memory usage. Loaded Objects now: 1885.
Total: 2.104900 ms (FindLiveObjects: 0.157700 ms CreateObjectMapping: 0.044400 ms MarkObjects: 1.833200 ms  DeleteObjects: 0.068400 ms)

========================================================================
Received Import Request.
  Time since last request: 18.320023 seconds.
  path: Assets/Material/Color Pared.mat
  artifactKey: Guid(87647e5fbd1a8ac45a3ec0642f1e44bd) Importer(815301076,1909f56bfc062723c751e8b465ee728b)
Start importing Assets/Material/Color Pared.mat using Guid(87647e5fbd1a8ac45a3ec0642f1e44bd) Importer(815301076,1909f56bfc062723c751e8b465ee728b)  -> (artifact id: 'd6acabf15409cff150eaa9cbdf0ceff6') in 0.066082 seconds
  Import took 0.069085 seconds .

========================================================================
Received Prepare
Registering precompiled user dll's ...
Registered in 0.007141 seconds.
Begin MonoManager ReloadAssembly
Native extension for WindowsStandalone target not found
Refreshing native plugins compatible for Editor in 0.33 ms, found 2 plugins.
Preloading 0 native plugins for Editor in 0.00 ms.
Mono: successfully reloaded assembly
- Completed reload, in  0.961 seconds
Platform modules already initialized, skipping
Refreshing native plugins compatible for Editor in 0.37 ms, found 2 plugins.
Preloading 0 native plugins for Editor in 0.00 ms.
Unloading 1382 Unused Serialized files (Serialized files now loaded: 0)
System memory in use before: 68.0 MB.
System memory in use after: 68.1 MB.

Unloading 14 unused Assets to reduce memory usage. Loaded Objects now: 1889.
Total: 2.598600 ms (FindLiveObjects: 0.159100 ms CreateObjectMapping: 0.099600 ms MarkObjects: 2.261200 ms  DeleteObjects: 0.077500 ms)

========================================================================
Received Import Request.
  Time since last request: 1038.652910 seconds.
  path: Assets/Scripts/JugadorController.cs
  artifactKey: Guid(be049bbf5d33f594a831b82d20c4e917) Importer(815301076,1909f56bfc062723c751e8b465ee728b)
Start importing Assets/Scripts/JugadorController.cs using Guid(be049bbf5d33f594a831b82d20c4e917) Importer(815301076,1909f56bfc062723c751e8b465ee728b)  -> (artifact id: 'e67e9a9f12190bda9655805dfe108a82') in 0.005370 seconds
  Import took 0.007947 seconds .

========================================================================
Received Prepare
Registering precompiled user dll's ...
Registered in 0.007685 seconds.
Begin MonoManager ReloadAssembly
Native extension for WindowsStandalone target not found
Refreshing native plugins compatible for Editor in 0.37 ms, found 2 plugins.
Preloading 0 native plugins for Editor in 0.00 ms.
Mono: successfully reloaded assembly
- Completed reload, in  0.950 seconds
Platform modules already initialized, skipping
Refreshing native plugins compatible for Editor in 0.32 ms, found 2 plugins.
Preloading 0 native plugins for Editor in 0.00 ms.
Unloading 1382 Unused Serialized files (Serialized files now loaded: 0)
System memory in use before: 68.0 MB.
System memory in use after: 68.1 MB.

Unloading 14 unused Assets to reduce memory usage. Loaded Objects now: 1892.
Total: 2.289800 ms (FindLiveObjects: 0.159500 ms CreateObjectMapping: 0.038700 ms MarkObjects: 2.003300 ms  DeleteObjects: 0.087300 ms)

========================================================================
Received Prepare
Registering precompiled user dll's ...
Registered in 0.006487 seconds.
Begin MonoManager ReloadAssembly
Native extension for WindowsStandalone target not found
Refreshing native plugins compatible for Editor in 0.36 ms, found 2 plugins.
Preloading 0 native plugins for Editor in 0.00 ms.
Mono: successfully reloaded assembly
- Completed reload, in  1.010 seconds
Platform modules already initialized, skipping
Refreshing native plugins compatible for Editor in 0.53 ms, found 2 plugins.
Preloading 0 native plugins for Editor in 0.00 ms.
Unloading 1382 Unused Serialized files (Serialized files now loaded: 0)
System memory in use before: 68.1 MB.
System memory in use after: 68.1 MB.

Unloading 14 unused Assets to reduce memory usage. Loaded Objects now: 1895.
Total: 2.589900 ms (FindLiveObjects: 0.174000 ms CreateObjectMapping: 0.043100 ms MarkObjects: 2.236300 ms  DeleteObjects: 0.135100 ms)

========================================================================
Received Prepare
Registering precompiled user dll's ...
Registered in 0.008107 seconds.
Begin MonoManager ReloadAssembly
Native extension for WindowsStandalone target not found
Refreshing native plugins compatible for Editor in 0.32 ms, found 2 plugins.
Preloading 0 native plugins for Editor in 0.00 ms.
Mono: successfully reloaded assembly
- Completed reload, in  0.967 seconds
Platform modules already initialized, skipping
Refreshing native plugins compatible for Editor in 0.31 ms, found 2 plugins.
Preloading 0 native plugins for Editor in 0.00 ms.
Unloading 1382 Unused Serialized files (Serialized files now loaded: 0)
System memory in use before: 68.1 MB.
System memory in use after: 68.1 MB.

Unloading 14 unused Assets to reduce memory usage. Loaded Objects now: 1898.
Total: 2.768000 ms (FindLiveObjects: 0.160100 ms CreateObjectMapping: 0.074800 ms MarkObjects: 2.442900 ms  DeleteObjects: 0.088900 ms)

========================================================================
Received Prepare
Registering precompiled user dll's ...
Registered in 0.005856 seconds.
Begin MonoManager ReloadAssembly
Native extension for WindowsStandalone target not found
Refreshing native plugins compatible for Editor in 0.32 ms, found 2 plugins.
Preloading 0 native plugins for Editor in 0.00 ms.
Mono: successfully reloaded assembly
- Completed reload, in  0.932 seconds
Platform modules already initialized, skipping
Refreshing native plugins compatible for Editor in 0.30 ms, found 2 plugins.
Preloading 0 native plugins for Editor in 0.00 ms.
Unloading 1382 Unused Serialized files (Serialized files now loaded: 0)
System memory in use before: 68.1 MB.
System memory in use after: 68.1 MB.

Unloading 14 unused Assets to reduce memory usage. Loaded Objects now: 1901.
Total: 2.257500 ms (FindLiveObjects: 0.184700 ms CreateObjectMapping: 0.041700 ms MarkObjects: 1.958400 ms  DeleteObjects: 0.071800 ms)

========================================================================
Received Import Request.
  Time since last request: 920.620669 seconds.
  path: Assets/Scripts/CamaraController.cs
  artifactKey: Guid(293c0acecd640c146bb89ec8397051c8) Importer(815301076,1909f56bfc062723c751e8b465ee728b)
Start importing Assets/Scripts/CamaraController.cs using Guid(293c0acecd640c146bb89ec8397051c8) Importer(815301076,1909f56bfc062723c751e8b465ee728b)  -> (artifact id: 'b4cd7a354983eef1e84fb0facac9f1a2') in 0.011765 seconds
  Import took 0.015511 seconds .

========================================================================
Received Prepare
Registering precompiled user dll's ...
Registered in 0.005839 seconds.
Begin MonoManager ReloadAssembly
Native extension for WindowsStandalone target not found
Refreshing native plugins compatible for Editor in 0.28 ms, found 2 plugins.
Preloading 0 native plugins for Editor in 0.00 ms.
Mono: successfully reloaded assembly
- Completed reload, in  0.942 seconds
Platform modules already initialized, skipping
Refreshing native plugins compatible for Editor in 0.28 ms, found 2 plugins.
Preloading 0 native plugins for Editor in 0.00 ms.
Unloading 1383 Unused Serialized files (Serialized files now loaded: 0)
System memory in use before: 68.1 MB.
System memory in use after: 68.2 MB.

Unloading 14 unused Assets to reduce memory usage. Loaded Objects now: 1905.
Total: 2.123000 ms (FindLiveObjects: 0.161500 ms CreateObjectMapping: 0.045000 ms MarkObjects: 1.858500 ms  DeleteObjects: 0.057100 ms)

========================================================================
Received Prepare
Registering precompiled user dll's ...
Registered in 0.006656 seconds.
Begin MonoManager ReloadAssembly
Native extension for WindowsStandalone target not found
Refreshing native plugins compatible for Editor in 0.30 ms, found 2 plugins.
Preloading 0 native plugins for Editor in 0.00 ms.
Mono: successfully reloaded assembly
- Completed reload, in  0.955 seconds
Platform modules already initialized, skipping
Refreshing native plugins compatible for Editor in 0.28 ms, found 2 plugins.
Preloading 0 native plugins for Editor in 0.00 ms.
Unloading 1383 Unused Serialized files (Serialized files now loaded: 0)
System memory in use before: 68.1 MB.
System memory in use after: 68.2 MB.

Unloading 14 unused Assets to reduce memory usage. Loaded Objects now: 1908.
Total: 2.045000 ms (FindLiveObjects: 0.144200 ms CreateObjectMapping: 0.040800 ms MarkObjects: 1.786100 ms  DeleteObjects: 0.072800 ms)

========================================================================
Received Import Request.
  Time since last request: 172.697351 seconds.
  path: Assets/Scripts/CamaraController.cs
  artifactKey: Guid(293c0acecd640c146bb89ec8397051c8) Importer(815301076,1909f56bfc062723c751e8b465ee728b)
Start importing Assets/Scripts/CamaraController.cs using Guid(293c0acecd640c146bb89ec8397051c8) Importer(815301076,1909f56bfc062723c751e8b465ee728b)  -> (artifact id: '50a78e48595dda4b350dc7b32d91a8ba') in 0.005619 seconds
  Import took 0.008809 seconds .

========================================================================
Received Import Request.
  Time since last request: 0.003055 seconds.
  path: Assets/Scripts/CamaraController.cs
  artifactKey: Guid(293c0acecd640c146bb89ec8397051c8) Importer(815301076,1909f56bfc062723c751e8b465ee728b)
Start importing Assets/Scripts/CamaraController.cs using Guid(293c0acecd640c146bb89ec8397051c8) Importer(815301076,1909f56bfc062723c751e8b465ee728b)  -> (artifact id: '50a78e48595dda4b350dc7b32d91a8ba') in 0.003587 seconds
  Import took 0.006987 seconds .

========================================================================
Received Prepare
Registering precompiled user dll's ...
Registered in 0.006251 seconds.
Begin MonoManager ReloadAssembly
Native extension for WindowsStandalone target not found
Refreshing native plugins compatible for Editor in 0.40 ms, found 2 plugins.
Preloading 0 native plugins for Editor in 0.00 ms.
Mono: successfully reloaded assembly
- Completed reload, in  1.004 seconds
Platform modules already initialized, skipping
Refreshing native plugins compatible for Editor in 0.55 ms, found 2 plugins.
Preloading 0 native plugins for Editor in 0.00 ms.
Unloading 1383 Unused Serialized files (Serialized files now loaded: 0)
System memory in use before: 68.1 MB.
System memory in use after: 68.2 MB.

Unloading 14 unused Assets to reduce memory usage. Loaded Objects now: 1911.
Total: 2.331200 ms (FindLiveObjects: 0.162700 ms CreateObjectMapping: 0.045400 ms MarkObjects: 2.055700 ms  DeleteObjects: 0.066000 ms)

========================================================================
Received Prepare
Registering precompiled user dll's ...
Registered in 0.006464 seconds.
Begin MonoManager ReloadAssembly
Native extension for WindowsStandalone target not found
Refreshing native plugins compatible for Editor in 0.39 ms, found 2 plugins.
Preloading 0 native plugins for Editor in 0.00 ms.
Mono: successfully reloaded assembly
- Completed reload, in  0.968 seconds
Platform modules already initialized, skipping
Refreshing native plugins compatible for Editor in 0.33 ms, found 2 plugins.
Preloading 0 native plugins for Editor in 0.00 ms.
Unloading 1383 Unused Serialized files (Serialized files now loaded: 0)
System memory in use before: 68.1 MB.
System memory in use after: 68.2 MB.

Unloading 14 unused Assets to reduce memory usage. Loaded Objects now: 1914.
Total: 2.271700 ms (FindLiveObjects: 0.197500 ms CreateObjectMapping: 0.049200 ms MarkObjects: 1.938200 ms  DeleteObjects: 0.085800 ms)

========================================================================
Received Import Request.
  Time since last request: 579.501788 seconds.
  path: Assets/Material/Color Pared.mat
  artifactKey: Guid(87647e5fbd1a8ac45a3ec0642f1e44bd) Importer(815301076,1909f56bfc062723c751e8b465ee728b)
Start importing Assets/Material/Color Pared.mat using Guid(87647e5fbd1a8ac45a3ec0642f1e44bd) Importer(815301076,1909f56bfc062723c751e8b465ee728b)  -> (artifact id: 'fb9a077c298bd380dc423a42d9142de2') in 0.070508 seconds
  Import took 0.073515 seconds .

========================================================================
Received Import Request.
  Time since last request: 9.962229 seconds.
  path: Assets/Material/Oro.mat
  artifactKey: Guid(41d91e4b81051274692f4c756a9bf80b) Importer(815301076,1909f56bfc062723c751e8b465ee728b)
Start importing Assets/Material/Oro.mat using Guid(41d91e4b81051274692f4c756a9bf80b) Importer(815301076,1909f56bfc062723c751e8b465ee728b)  -> (artifact id: 'e1bb843e3735cc619fec35c5a11d0401') in 0.031170 seconds
  Import took 0.033677 seconds .

========================================================================
Received Import Request.
  Time since last request: 52.762108 seconds.
  path: Assets/Scripts/Rotador.cs
  artifactKey: Guid(6217a2fc2d0ab9346a8ad414e3a549c6) Importer(815301076,1909f56bfc062723c751e8b465ee728b)
Start importing Assets/Scripts/Rotador.cs using Guid(6217a2fc2d0ab9346a8ad414e3a549c6) Importer(815301076,1909f56bfc062723c751e8b465ee728b)  -> (artifact id: '216103fa5411a4e1825052f6181173df') in 0.008647 seconds
  Import took 0.011655 seconds .

========================================================================
Received Prepare
Registering precompiled user dll's ...
Registered in 0.005687 seconds.
Begin MonoManager ReloadAssembly
Native extension for WindowsStandalone target not found
Refreshing native plugins compatible for Editor in 0.29 ms, found 2 plugins.
Preloading 0 native plugins for Editor in 0.00 ms.
Mono: successfully reloaded assembly
- Completed reload, in  1.105 seconds
Platform modules already initialized, skipping
Refreshing native plugins compatible for Editor in 0.35 ms, found 2 plugins.
Preloading 0 native plugins for Editor in 0.00 ms.
Unloading 1384 Unused Serialized files (Serialized files now loaded: 0)
System memory in use before: 68.1 MB.
System memory in use after: 68.2 MB.

Unloading 14 unused Assets to reduce memory usage. Loaded Objects now: 1919.
Total: 2.435300 ms (FindLiveObjects: 0.307200 ms CreateObjectMapping: 0.159400 ms MarkObjects: 1.892300 ms  DeleteObjects: 0.075100 ms)

========================================================================
Received Prepare
Registering precompiled user dll's ...
Registered in 0.006840 seconds.
Begin MonoManager ReloadAssembly
Native extension for WindowsStandalone target not found
Refreshing native plugins compatible for Editor in 0.28 ms, found 2 plugins.
Preloading 0 native plugins for Editor in 0.00 ms.
Mono: successfully reloaded assembly
- Completed reload, in  0.925 seconds
Platform modules already initialized, skipping
Refreshing native plugins compatible for Editor in 0.28 ms, found 2 plugins.
Preloading 0 native plugins for Editor in 0.00 ms.
Unloading 1384 Unused Serialized files (Serialized files now loaded: 0)
System memory in use before: 68.1 MB.
System memory in use after: 68.2 MB.

Unloading 14 unused Assets to reduce memory usage. Loaded Objects now: 1922.
Total: 1.917800 ms (FindLiveObjects: 0.162900 ms CreateObjectMapping: 0.078200 ms MarkObjects: 1.604300 ms  DeleteObjects: 0.071400 ms)

========================================================================
Received Import Request.
  Time since last request: 46.334256 seconds.
  path: Assets/Scripts/Rotador.cs
  artifactKey: Guid(6217a2fc2d0ab9346a8ad414e3a549c6) Importer(815301076,1909f56bfc062723c751e8b465ee728b)
Start importing Assets/Scripts/Rotador.cs using Guid(6217a2fc2d0ab9346a8ad414e3a549c6) Importer(815301076,1909f56bfc062723c751e8b465ee728b)  -> (artifact id: 'd266176a499e1eab6e268f0e9b3c5fdc') in 0.004841 seconds
  Import took 0.007151 seconds .

========================================================================
Received Import Request.
  Time since last request: 0.015085 seconds.
  path: Assets/Scripts/Rotador.cs
  artifactKey: Guid(6217a2fc2d0ab9346a8ad414e3a549c6) Importer(815301076,1909f56bfc062723c751e8b465ee728b)
Start importing Assets/Scripts/Rotador.cs using Guid(6217a2fc2d0ab9346a8ad414e3a549c6) Importer(815301076,1909f56bfc062723c751e8b465ee728b)  -> (artifact id: 'd266176a499e1eab6e268f0e9b3c5fdc') in 0.003137 seconds
  Import took 0.006028 seconds .

========================================================================
Received Import Request.
  Time since last request: 38.006679 seconds.
  path: Assets/Material/Oro.mat
  artifactKey: Guid(41d91e4b81051274692f4c756a9bf80b) Importer(815301076,1909f56bfc062723c751e8b465ee728b)
Start importing Assets/Material/Oro.mat using Guid(41d91e4b81051274692f4c756a9bf80b) Importer(815301076,1909f56bfc062723c751e8b465ee728b)  -> (artifact id: '943bcd6335773eba259c39bb2496b5f4') in 0.071147 seconds
  Import took 0.073904 seconds .

========================================================================
Received Prepare
Registering precompiled user dll's ...
Registered in 0.006351 seconds.
Begin MonoManager ReloadAssembly
Native extension for WindowsStandalone target not found
Refreshing native plugins compatible for Editor in 0.29 ms, found 2 plugins.
Preloading 0 native plugins for Editor in 0.00 ms.
Mono: successfully reloaded assembly
- Completed reload, in  0.965 seconds
Platform modules already initialized, skipping
Refreshing native plugins compatible for Editor in 0.29 ms, found 2 plugins.
Preloading 0 native plugins for Editor in 0.00 ms.
Unloading 1384 Unused Serialized files (Serialized files now loaded: 0)
System memory in use before: 68.2 MB.
System memory in use after: 68.2 MB.

Unloading 14 unused Assets to reduce memory usage. Loaded Objects now: 1926.
Total: 2.219500 ms (FindLiveObjects: 0.163400 ms CreateObjectMapping: 0.042000 ms MarkObjects: 1.940600 ms  DeleteObjects: 0.072300 ms)

========================================================================
Received Import Request.
  Time since last request: 357.577012 seconds.
  path: Assets/Prefabs
  artifactKey: Guid(543abd6b056129c469c8c2fd5b2abc0e) Importer(815301076,1909f56bfc062723c751e8b465ee728b)
Start importing Assets/Prefabs using Guid(543abd6b056129c469c8c2fd5b2abc0e) Importer(815301076,1909f56bfc062723c751e8b465ee728b)  -> (artifact id: 'ec07770808539f6973b1b4f569ad1e99') in 0.010883 seconds
  Import took 0.013466 seconds .

========================================================================
Received Import Request.
  Time since last request: 15.816076 seconds.
  path: Assets/Prefabs/Coleccionable.prefab
  artifactKey: Guid(87cd1b4a3adb32141b6bde219d05d4c2) Importer(815301076,1909f56bfc062723c751e8b465ee728b)
Start importing Assets/Prefabs/Coleccionable.prefab using Guid(87cd1b4a3adb32141b6bde219d05d4c2) Importer(815301076,1909f56bfc062723c751e8b465ee728b)  -> (artifact id: 'f8af0def7200d2f92c695a53c79988c6') in 0.067634 seconds
  Import took 0.070433 seconds .

========================================================================
Received Import Request.
  Time since last request: 945.341320 seconds.
  path: ProjectSettings/TagManager.asset
  artifactKey: Guid(00000000000000003000000000000000) Importer(815301076,1909f56bfc062723c751e8b465ee728b)
Start importing ProjectSettings/TagManager.asset using Guid(00000000000000003000000000000000) Importer(815301076,1909f56bfc062723c751e8b465ee728b)  -> (artifact id: 'ce6a35c3cddc746e7501c0bd0ed6d4ce') in 0.010752 seconds
  Import took 0.013747 seconds .

========================================================================
Received Import Request.
  Time since last request: 0.031047 seconds.
  path: ProjectSettings/TagManager.asset
  artifactKey: Guid(00000000000000003000000000000000) Importer(815301076,1909f56bfc062723c751e8b465ee728b)
Start importing ProjectSettings/TagManager.asset using Guid(00000000000000003000000000000000) Importer(815301076,1909f56bfc062723c751e8b465ee728b)  -> (artifact id: 'ce6a35c3cddc746e7501c0bd0ed6d4ce') in 0.004031 seconds
  Import took 0.006674 seconds .

========================================================================
Received Prepare
Registering precompiled user dll's ...
Registered in 0.006885 seconds.
Begin MonoManager ReloadAssembly
Native extension for WindowsStandalone target not found
Refreshing native plugins compatible for Editor in 0.27 ms, found 2 plugins.
Preloading 0 native plugins for Editor in 0.00 ms.
Mono: successfully reloaded assembly
- Completed reload, in  0.960 seconds
Platform modules already initialized, skipping
Refreshing native plugins compatible for Editor in 0.48 ms, found 2 plugins.
Preloading 0 native plugins for Editor in 0.00 ms.
Unloading 1384 Unused Serialized files (Serialized files now loaded: 0)
System memory in use before: 68.2 MB.
System memory in use after: 68.3 MB.

Unloading 16 unused Assets to reduce memory usage. Loaded Objects now: 1931.
Total: 2.095700 ms (FindLiveObjects: 0.142400 ms CreateObjectMapping: 0.040600 ms MarkObjects: 1.835300 ms  DeleteObjects: 0.076500 ms)

========================================================================
Received Import Request.
  Time since last request: 188.230317 seconds.
  path: Assets/Scripts/JugadorController.cs
  artifactKey: Guid(be049bbf5d33f594a831b82d20c4e917) Importer(815301076,1909f56bfc062723c751e8b465ee728b)
Start importing Assets/Scripts/JugadorController.cs using Guid(be049bbf5d33f594a831b82d20c4e917) Importer(815301076,1909f56bfc062723c751e8b465ee728b)  -> (artifact id: 'fd4a873f6a513be3d5c4022bc5a84dcf') in 0.005339 seconds
  Import took 0.007928 seconds .

========================================================================
Received Import Request.
  Time since last request: 85.093616 seconds.
  path: ProjectSettings/TagManager.asset
  artifactKey: Guid(00000000000000003000000000000000) Importer(815301076,1909f56bfc062723c751e8b465ee728b)
Start importing ProjectSettings/TagManager.asset using Guid(00000000000000003000000000000000) Importer(815301076,1909f56bfc062723c751e8b465ee728b)  -> (artifact id: 'fae031c047003c6fb9e4c311367624e6') in 0.010183 seconds
  Import took 0.012688 seconds .

========================================================================
Received Prepare
Registering precompiled user dll's ...
Registered in 0.005835 seconds.
Begin MonoManager ReloadAssembly
Native extension for WindowsStandalone target not found
Refreshing native plugins compatible for Editor in 0.31 ms, found 2 plugins.
Preloading 0 native plugins for Editor in 0.00 ms.
Mono: successfully reloaded assembly
- Completed reload, in  0.962 seconds
Platform modules already initialized, skipping
Refreshing native plugins compatible for Editor in 0.29 ms, found 2 plugins.
Preloading 0 native plugins for Editor in 0.00 ms.
Unloading 1384 Unused Serialized files (Serialized files now loaded: 0)
System memory in use before: 68.2 MB.
System memory in use after: 68.3 MB.

Unloading 15 unused Assets to reduce memory usage. Loaded Objects now: 1934.
Total: 2.308200 ms (FindLiveObjects: 0.168300 ms CreateObjectMapping: 0.043300 ms MarkObjects: 2.014700 ms  DeleteObjects: 0.080600 ms)

========================================================================
Received Import Request.
  Time since last request: 175.289771 seconds.
  path: Assets/Prefabs/Coleccionable.prefab
  artifactKey: Guid(87cd1b4a3adb32141b6bde219d05d4c2) Importer(815301076,1909f56bfc062723c751e8b465ee728b)
Start importing Assets/Prefabs/Coleccionable.prefab using Guid(87cd1b4a3adb32141b6bde219d05d4c2) Importer(815301076,1909f56bfc062723c751e8b465ee728b)  -> (artifact id: '1673a8aa1caa60485a1951a981df3b91') in 0.060695 seconds
  Import took 0.063912 seconds .

========================================================================
Received Prepare
Registering precompiled user dll's ...
Registered in 0.006515 seconds.
Begin MonoManager ReloadAssembly
Native extension for WindowsStandalone target not found
Refreshing native plugins compatible for Editor in 0.31 ms, found 2 plugins.
Preloading 0 native plugins for Editor in 0.00 ms.
Mono: successfully reloaded assembly
- Completed reload, in  0.931 seconds
Platform modules already initialized, skipping
Refreshing native plugins compatible for Editor in 0.48 ms, found 2 plugins.
Preloading 0 native plugins for Editor in 0.00 ms.
Unloading 1384 Unused Serialized files (Serialized files now loaded: 0)
System memory in use before: 68.2 MB.
System memory in use after: 68.3 MB.

Unloading 14 unused Assets to reduce memory usage. Loaded Objects now: 1938.
Total: 2.804000 ms (FindLiveObjects: 0.144700 ms CreateObjectMapping: 0.041300 ms MarkObjects: 2.534600 ms  DeleteObjects: 0.082100 ms)

========================================================================
Received Prepare
Registering precompiled user dll's ...
Registered in 0.007192 seconds.
Begin MonoManager ReloadAssembly
Native extension for WindowsStandalone target not found
Refreshing native plugins compatible for Editor in 0.28 ms, found 2 plugins.
Preloading 0 native plugins for Editor in 0.00 ms.
Mono: successfully reloaded assembly
- Completed reload, in  0.968 seconds
Platform modules already initialized, skipping
Refreshing native plugins compatible for Editor in 0.30 ms, found 2 plugins.
Preloading 0 native plugins for Editor in 0.00 ms.
Unloading 1384 Unused Serialized files (Serialized files now loaded: 0)
System memory in use before: 68.2 MB.
System memory in use after: 68.3 MB.

Unloading 14 unused Assets to reduce memory usage. Loaded Objects now: 1941.
Total: 2.317300 ms (FindLiveObjects: 0.252300 ms CreateObjectMapping: 0.087300 ms MarkObjects: 1.899400 ms  DeleteObjects: 0.076800 ms)

========================================================================
Received Prepare
Registering precompiled user dll's ...
Registered in 0.007805 seconds.
Begin MonoManager ReloadAssembly
Native extension for WindowsStandalone target not found
Refreshing native plugins compatible for Editor in 0.34 ms, found 2 plugins.
Preloading 0 native plugins for Editor in 0.00 ms.
Mono: successfully reloaded assembly
- Completed reload, in  0.980 seconds
Platform modules already initialized, skipping
Refreshing native plugins compatible for Editor in 0.47 ms, found 2 plugins.
Preloading 0 native plugins for Editor in 0.00 ms.
Unloading 1384 Unused Serialized files (Serialized files now loaded: 0)
System memory in use before: 68.2 MB.
System memory in use after: 68.3 MB.

Unloading 14 unused Assets to reduce memory usage. Loaded Objects now: 1944.
Total: 2.155600 ms (FindLiveObjects: 0.203100 ms CreateObjectMapping: 0.055700 ms MarkObjects: 1.791800 ms  DeleteObjects: 0.104000 ms)

========================================================================
Received Prepare
Registering precompiled user dll's ...
Registered in 0.006607 seconds.
Begin MonoManager ReloadAssembly
Native extension for WindowsStandalone target not found
Refreshing native plugins compatible for Editor in 0.32 ms, found 2 plugins.
Preloading 0 native plugins for Editor in 0.00 ms.
Mono: successfully reloaded assembly
- Completed reload, in  0.967 seconds
Platform modules already initialized, skipping
Refreshing native plugins compatible for Editor in 0.33 ms, found 2 plugins.
Preloading 0 native plugins for Editor in 0.00 ms.
Unloading 1384 Unused Serialized files (Serialized files now loaded: 0)
System memory in use before: 68.2 MB.
System memory in use after: 68.3 MB.

Unloading 14 unused Assets to reduce memory usage. Loaded Objects now: 1947.
Total: 1.910600 ms (FindLiveObjects: 0.178900 ms CreateObjectMapping: 0.059700 ms MarkObjects: 1.606400 ms  DeleteObjects: 0.064500 ms)

========================================================================
Received Prepare
Registering precompiled user dll's ...
Registered in 0.007693 seconds.
Begin MonoManager ReloadAssembly
Native extension for WindowsStandalone target not found
Refreshing native plugins compatible for Editor in 0.27 ms, found 2 plugins.
Preloading 0 native plugins for Editor in 0.00 ms.
Mono: successfully reloaded assembly
- Completed reload, in  0.938 seconds
Platform modules already initialized, skipping
Refreshing native plugins compatible for Editor in 0.32 ms, found 2 plugins.
Preloading 0 native plugins for Editor in 0.00 ms.
Unloading 1384 Unused Serialized files (Serialized files now loaded: 0)
System memory in use before: 68.2 MB.
System memory in use after: 68.3 MB.

Unloading 14 unused Assets to reduce memory usage. Loaded Objects now: 1950.
Total: 2.130900 ms (FindLiveObjects: 0.150400 ms CreateObjectMapping: 0.044500 ms MarkObjects: 1.871900 ms  DeleteObjects: 0.062800 ms)

========================================================================
Received Prepare
Registering precompiled user dll's ...
Registered in 0.006281 seconds.
Begin MonoManager ReloadAssembly
Native extension for WindowsStandalone target not found
Refreshing native plugins compatible for Editor in 0.39 ms, found 2 plugins.
Preloading 0 native plugins for Editor in 0.00 ms.
Mono: successfully reloaded assembly
- Completed reload, in  1.032 seconds
Platform modules already initialized, skipping
Refreshing native plugins compatible for Editor in 0.30 ms, found 2 plugins.
Preloading 0 native plugins for Editor in 0.00 ms.
Unloading 1384 Unused Serialized files (Serialized files now loaded: 0)
System memory in use before: 68.2 MB.
System memory in use after: 68.3 MB.

Unloading 14 unused Assets to reduce memory usage. Loaded Objects now: 1953.
Total: 2.263300 ms (FindLiveObjects: 0.173400 ms CreateObjectMapping: 0.050600 ms MarkObjects: 1.978100 ms  DeleteObjects: 0.060200 ms)

========================================================================
Received Prepare
Registering precompiled user dll's ...
Registered in 0.006434 seconds.
Begin MonoManager ReloadAssembly
Native extension for WindowsStandalone target not found
Refreshing native plugins compatible for Editor in 0.28 ms, found 2 plugins.
Preloading 0 native plugins for Editor in 0.00 ms.
Mono: successfully reloaded assembly
- Completed reload, in  0.983 seconds
Platform modules already initialized, skipping
Refreshing native plugins compatible for Editor in 0.32 ms, found 2 plugins.
Preloading 0 native plugins for Editor in 0.00 ms.
Unloading 1384 Unused Serialized files (Serialized files now loaded: 0)
System memory in use before: 68.2 MB.
System memory in use after: 68.3 MB.

Unloading 14 unused Assets to reduce memory usage. Loaded Objects now: 1956.
Total: 2.392100 ms (FindLiveObjects: 0.163600 ms CreateObjectMapping: 0.042700 ms MarkObjects: 2.082800 ms  DeleteObjects: 0.101900 ms)

========================================================================
Received Import Request.
  Time since last request: 1625.853860 seconds.
  path: Assets/Scripts/JugadorController.cs
  artifactKey: Guid(be049bbf5d33f594a831b82d20c4e917) Importer(815301076,1909f56bfc062723c751e8b465ee728b)
Start importing Assets/Scripts/JugadorController.cs using Guid(be049bbf5d33f594a831b82d20c4e917) Importer(815301076,1909f56bfc062723c751e8b465ee728b)  -> (artifact id: '28a04fe24188fca811544ff779aea8fd') in 0.005129 seconds
  Import took 0.007625 seconds .

========================================================================
Received Import Request.
  Time since last request: 0.002387 seconds.
  path: Assets/Scripts/JugadorController.cs
  artifactKey: Guid(be049bbf5d33f594a831b82d20c4e917) Importer(815301076,1909f56bfc062723c751e8b465ee728b)
Start importing Assets/Scripts/JugadorController.cs using Guid(be049bbf5d33f594a831b82d20c4e917) Importer(815301076,1909f56bfc062723c751e8b465ee728b)  -> (artifact id: '28a04fe24188fca811544ff779aea8fd') in 0.003452 seconds
  Import took 0.006338 seconds .

========================================================================
Received Import Request.
  Time since last request: 62.591589 seconds.
  path: Assets/Scripts/JugadorController.cs
  artifactKey: Guid(be049bbf5d33f594a831b82d20c4e917) Importer(815301076,1909f56bfc062723c751e8b465ee728b)
Start importing Assets/Scripts/JugadorController.cs using Guid(be049bbf5d33f594a831b82d20c4e917) Importer(815301076,1909f56bfc062723c751e8b465ee728b)  -> (artifact id: '265cdd6fb97c7af78f9532a9d3de724d') in 0.003793 seconds
  Import took 0.006194 seconds .

========================================================================
Received Prepare
Registering precompiled user dll's ...
Registered in 0.006470 seconds.
Begin MonoManager ReloadAssembly
Native extension for WindowsStandalone target not found
Refreshing native plugins compatible for Editor in 0.27 ms, found 2 plugins.
Preloading 0 native plugins for Editor in 0.00 ms.
Mono: successfully reloaded assembly
- Completed reload, in  0.938 seconds
Platform modules already initialized, skipping
Refreshing native plugins compatible for Editor in 0.31 ms, found 2 plugins.
Preloading 0 native plugins for Editor in 0.00 ms.
Unloading 1384 Unused Serialized files (Serialized files now loaded: 0)
System memory in use before: 68.2 MB.
System memory in use after: 68.3 MB.

Unloading 14 unused Assets to reduce memory usage. Loaded Objects now: 1959.
Total: 1.845000 ms (FindLiveObjects: 0.152400 ms CreateObjectMapping: 0.044100 ms MarkObjects: 1.563600 ms  DeleteObjects: 0.083700 ms)

========================================================================
Received Import Request.
  Time since last request: 34.997922 seconds.
  path: Assets/Scripts/JugadorController.cs
  artifactKey: Guid(be049bbf5d33f594a831b82d20c4e917) Importer(815301076,1909f56bfc062723c751e8b465ee728b)
Start importing Assets/Scripts/JugadorController.cs using Guid(be049bbf5d33f594a831b82d20c4e917) Importer(815301076,1909f56bfc062723c751e8b465ee728b)  -> (artifact id: '2c82769ef2026cb0c6d42161428e60be') in 0.010909 seconds
  Import took 0.013814 seconds .

========================================================================
Received Prepare
Registering precompiled user dll's ...
Registered in 0.006095 seconds.
Begin MonoManager ReloadAssembly
Native extension for WindowsStandalone target not found
Refreshing native plugins compatible for Editor in 0.37 ms, found 2 plugins.
Preloading 0 native plugins for Editor in 0.00 ms.
Mono: successfully reloaded assembly
- Completed reload, in  0.997 seconds
Platform modules already initialized, skipping
Refreshing native plugins compatible for Editor in 0.44 ms, found 2 plugins.
Preloading 0 native plugins for Editor in 0.00 ms.
Unloading 1384 Unused Serialized files (Serialized files now loaded: 0)
System memory in use before: 68.2 MB.
System memory in use after: 68.3 MB.

Unloading 14 unused Assets to reduce memory usage. Loaded Objects now: 1962.
Total: 1.963100 ms (FindLiveObjects: 0.153800 ms CreateObjectMapping: 0.045500 ms MarkObjects: 1.708700 ms  DeleteObjects: 0.054100 ms)

========================================================================
Received Prepare
Registering precompiled user dll's ...
Registered in 0.005566 seconds.
Begin MonoManager ReloadAssembly
Native extension for WindowsStandalone target not found
Refreshing native plugins compatible for Editor in 0.29 ms, found 2 plugins.
Preloading 0 native plugins for Editor in 0.00 ms.
Mono: successfully reloaded assembly
- Completed reload, in  1.109 seconds
Platform modules already initialized, skipping
Refreshing native plugins compatible for Editor in 0.28 ms, found 2 plugins.
Preloading 0 native plugins for Editor in 0.00 ms.
Unloading 1384 Unused Serialized files (Serialized files now loaded: 0)
System memory in use before: 68.2 MB.
System memory in use after: 68.3 MB.

Unloading 14 unused Assets to reduce memory usage. Loaded Objects now: 1965.
Total: 2.245600 ms (FindLiveObjects: 0.163000 ms CreateObjectMapping: 0.037700 ms MarkObjects: 1.971100 ms  DeleteObjects: 0.072700 ms)

========================================================================
Received Prepare
Registering precompiled user dll's ...
Registered in 0.006736 seconds.
Begin MonoManager ReloadAssembly
Native extension for WindowsStandalone target not found
Refreshing native plugins compatible for Editor in 0.31 ms, found 2 plugins.
Preloading 0 native plugins for Editor in 0.00 ms.
Mono: successfully reloaded assembly
- Completed reload, in  1.142 seconds
Platform modules already initialized, skipping
Refreshing native plugins compatible for Editor in 0.47 ms, found 2 plugins.
Preloading 0 native plugins for Editor in 0.00 ms.
Unloading 1384 Unused Serialized files (Serialized files now loaded: 0)
System memory in use before: 68.2 MB.
System memory in use after: 68.3 MB.

Unloading 14 unused Assets to reduce memory usage. Loaded Objects now: 1968.
Total: 2.109700 ms (FindLiveObjects: 0.180800 ms CreateObjectMapping: 0.046300 ms MarkObjects: 1.823000 ms  DeleteObjects: 0.058400 ms)

========================================================================
Received Prepare
Registering precompiled user dll's ...
Registered in 0.007292 seconds.
Begin MonoManager ReloadAssembly
Native extension for WindowsStandalone target not found
Refreshing native plugins compatible for Editor in 0.31 ms, found 2 plugins.
Preloading 0 native plugins for Editor in 0.00 ms.
Mono: successfully reloaded assembly
- Completed reload, in  1.064 seconds
Platform modules already initialized, skipping
Refreshing native plugins compatible for Editor in 0.29 ms, found 2 plugins.
Preloading 0 native plugins for Editor in 0.00 ms.
Unloading 1384 Unused Serialized files (Serialized files now loaded: 0)
System memory in use before: 68.3 MB.
System memory in use after: 68.3 MB.

Unloading 14 unused Assets to reduce memory usage. Loaded Objects now: 1971.
Total: 1.961200 ms (FindLiveObjects: 0.165700 ms CreateObjectMapping: 0.049300 ms MarkObjects: 1.675000 ms  DeleteObjects: 0.070200 ms)

========================================================================
Received Prepare
Registering precompiled user dll's ...
Registered in 0.005824 seconds.
Begin MonoManager ReloadAssembly
Native extension for WindowsStandalone target not found
Refreshing native plugins compatible for Editor in 0.44 ms, found 2 plugins.
Preloading 0 native plugins for Editor in 0.00 ms.
Mono: successfully reloaded assembly
- Completed reload, in  0.947 seconds
Platform modules already initialized, skipping
Refreshing native plugins compatible for Editor in 0.30 ms, found 2 plugins.
Preloading 0 native plugins for Editor in 0.00 ms.
Unloading 1384 Unused Serialized files (Serialized files now loaded: 0)
System memory in use before: 68.3 MB.
System memory in use after: 68.3 MB.

Unloading 14 unused Assets to reduce memory usage. Loaded Objects now: 1974.
Total: 2.212700 ms (FindLiveObjects: 0.168900 ms CreateObjectMapping: 0.041600 ms MarkObjects: 1.907800 ms  DeleteObjects: 0.093200 ms)

========================================================================
Received Prepare
Registering precompiled user dll's ...
Registered in 0.005691 seconds.
Begin MonoManager ReloadAssembly
Native extension for WindowsStandalone target not found
Refreshing native plugins compatible for Editor in 0.31 ms, found 2 plugins.
Preloading 0 native plugins for Editor in 0.00 ms.
Mono: successfully reloaded assembly
- Completed reload, in  0.955 seconds
Platform modules already initialized, skipping
Refreshing native plugins compatible for Editor in 0.31 ms, found 2 plugins.
Preloading 0 native plugins for Editor in 0.00 ms.
Unloading 1384 Unused Serialized files (Serialized files now loaded: 0)
System memory in use before: 68.3 MB.
System memory in use after: 68.3 MB.

Unloading 14 unused Assets to reduce memory usage. Loaded Objects now: 1977.
Total: 2.770400 ms (FindLiveObjects: 0.165600 ms CreateObjectMapping: 0.050700 ms MarkObjects: 2.434800 ms  DeleteObjects: 0.118200 ms)

========================================================================
Received Prepare
Registering precompiled user dll's ...
Registered in 0.005722 seconds.
Begin MonoManager ReloadAssembly
Native extension for WindowsStandalone target not found
Refreshing native plugins compatible for Editor in 0.65 ms, found 2 plugins.
Preloading 0 native plugins for Editor in 0.00 ms.
Mono: successfully reloaded assembly
- Completed reload, in  1.062 seconds
Platform modules already initialized, skipping
Refreshing native plugins compatible for Editor in 0.28 ms, found 2 plugins.
Preloading 0 native plugins for Editor in 0.00 ms.
Unloading 1384 Unused Serialized files (Serialized files now loaded: 0)
System memory in use before: 68.3 MB.
System memory in use after: 68.3 MB.

Unloading 14 unused Assets to reduce memory usage. Loaded Objects now: 1980.
Total: 2.157700 ms (FindLiveObjects: 0.167600 ms CreateObjectMapping: 0.040200 ms MarkObjects: 1.875700 ms  DeleteObjects: 0.073100 ms)

========================================================================
Received Prepare
Registering precompiled user dll's ...
Registered in 0.006625 seconds.
Begin MonoManager ReloadAssembly
Native extension for WindowsStandalone target not found
Refreshing native plugins compatible for Editor in 0.35 ms, found 2 plugins.
Preloading 0 native plugins for Editor in 0.00 ms.
Mono: successfully reloaded assembly
- Completed reload, in  1.086 seconds
Platform modules already initialized, skipping
Refreshing native plugins compatible for Editor in 0.54 ms, found 2 plugins.
Preloading 0 native plugins for Editor in 0.01 ms.
Unloading 1384 Unused Serialized files (Serialized files now loaded: 0)
System memory in use before: 68.3 MB.
System memory in use after: 68.4 MB.

Unloading 14 unused Assets to reduce memory usage. Loaded Objects now: 1983.
Total: 1.901300 ms (FindLiveObjects: 0.171200 ms CreateObjectMapping: 0.047100 ms MarkObjects: 1.629500 ms  DeleteObjects: 0.052000 ms)

========================================================================
Received Prepare
Registering precompiled user dll's ...
Registered in 0.007423 seconds.
Begin MonoManager ReloadAssembly
Native extension for WindowsStandalone target not found
Refreshing native plugins compatible for Editor in 0.33 ms, found 2 plugins.
Preloading 0 native plugins for Editor in 0.00 ms.
Mono: successfully reloaded assembly
- Completed reload, in  1.103 seconds
Platform modules already initialized, skipping
Refreshing native plugins compatible for Editor in 0.31 ms, found 2 plugins.
Preloading 0 native plugins for Editor in 0.00 ms.
Unloading 1384 Unused Serialized files (Serialized files now loaded: 0)
System memory in use before: 68.3 MB.
System memory in use after: 68.4 MB.

Unloading 14 unused Assets to reduce memory usage. Loaded Objects now: 1986.
Total: 2.434300 ms (FindLiveObjects: 0.182600 ms CreateObjectMapping: 0.054600 ms MarkObjects: 2.130200 ms  DeleteObjects: 0.065300 ms)

========================================================================
Received Prepare
Registering precompiled user dll's ...
Registered in 0.006700 seconds.
Begin MonoManager ReloadAssembly
Native extension for WindowsStandalone target not found
Refreshing native plugins compatible for Editor in 0.62 ms, found 2 plugins.
Preloading 0 native plugins for Editor in 0.00 ms.
Mono: successfully reloaded assembly
- Completed reload, in  0.993 seconds
Platform modules already initialized, skipping
Refreshing native plugins compatible for Editor in 0.28 ms, found 2 plugins.
Preloading 0 native plugins for Editor in 0.00 ms.
Unloading 1384 Unused Serialized files (Serialized files now loaded: 0)
System memory in use before: 68.3 MB.
System memory in use after: 68.4 MB.

Unloading 14 unused Assets to reduce memory usage. Loaded Objects now: 1989.
Total: 2.353700 ms (FindLiveObjects: 0.167400 ms CreateObjectMapping: 0.039600 ms MarkObjects: 2.058700 ms  DeleteObjects: 0.086900 ms)

========================================================================
Received Prepare
Registering precompiled user dll's ...
Registered in 0.005973 seconds.
Begin MonoManager ReloadAssembly
Native extension for WindowsStandalone target not found
Refreshing native plugins compatible for Editor in 0.29 ms, found 2 plugins.
Preloading 0 native plugins for Editor in 0.00 ms.
Mono: successfully reloaded assembly
- Completed reload, in  1.007 seconds
Platform modules already initialized, skipping
Refreshing native plugins compatible for Editor in 0.36 ms, found 2 plugins.
Preloading 0 native plugins for Editor in 0.00 ms.
Unloading 1384 Unused Serialized files (Serialized files now loaded: 0)
System memory in use before: 68.3 MB.
System memory in use after: 68.4 MB.

Unloading 14 unused Assets to reduce memory usage. Loaded Objects now: 1992.
Total: 2.239100 ms (FindLiveObjects: 0.174900 ms CreateObjectMapping: 0.057700 ms MarkObjects: 1.927400 ms  DeleteObjects: 0.078100 ms)

========================================================================
Received Prepare
Registering precompiled user dll's ...
Registered in 0.006886 seconds.
Begin MonoManager ReloadAssembly
Native extension for WindowsStandalone target not found
Refreshing native plugins compatible for Editor in 0.37 ms, found 2 plugins.
Preloading 0 native plugins for Editor in 0.00 ms.
Mono: successfully reloaded assembly
- Completed reload, in  1.087 seconds
Platform modules already initialized, skipping
Refreshing native plugins compatible for Editor in 0.34 ms, found 2 plugins.
Preloading 0 native plugins for Editor in 0.00 ms.
Unloading 1384 Unused Serialized files (Serialized files now loaded: 0)
System memory in use before: 68.3 MB.
System memory in use after: 68.4 MB.

Unloading 14 unused Assets to reduce memory usage. Loaded Objects now: 1995.
Total: 2.310900 ms (FindLiveObjects: 0.160600 ms CreateObjectMapping: 0.042000 ms MarkObjects: 2.001800 ms  DeleteObjects: 0.105300 ms)

AssetImportWorkerClient::OnTransportError - code=2 error=End of file
